# JRE version: OpenJDK Runtime Environment (21.0.5) (build 21.0.5+-12932927-b750.29)
# Java VM: OpenJDK 64-Bit Server VM (21.0.5+-12932927-b750.29, mixed mode, tiered, compressed oops, compressed class ptrs, g1 gc, windows-amd64)
GC Precious Log:
 CardTable entry size: 512
 Card Set container configuration: InlinePtr #cards 5 size 8 Array Of Cards #cards 12 size 40 Howl #buckets 4 coarsen threshold 1843 Howl Bitmap #cards 512 size 80 coarsen threshold 460 Card regions per heap region 1 cards per card region 2048
 CPUs: 12 total, 12 available
 Memory: 16085M
 Large Page Support: Disabled
 NUMA Support: Disabled
 Compressed Oops: Enabled (32-bit)
 Heap Region Size: 1M
 Heap Min Capacity: 8M
 Heap Initial Capacity: 252M
 Heap Max Capacity: 2G
 Pre-touch: Disabled
 Parallel Workers: 10
 Concurrent Workers: 3
 Concurrent Refinement Workers: 10
 Periodic GC: Disabled
Heap:
 garbage-first heap   total 271360K, used 165344K [0x0000000080000000, 0x0000000100000000)
  region size 1024K, 2 young (2048K), 2 survivors (2048K)
 Metaspace       used 127732K, committed 129984K, reserved 1179648K
  class space    used 17157K, committed 18304K, reserved 1048576K
GC Heap History (20 events):
Event: 12.371 GC heap after
{Heap after GC invocations=43 (full 0):
 garbage-first heap   total 206848K, used 126859K [0x0000000080000000, 0x0000000100000000)
  region size 1024K, 9 young (9216K), 9 survivors (9216K)
 Metaspace       used 116804K, committed 119104K, reserved 1179648K
  class space    used 15716K, committed 16896K, reserved 1048576K
}
Event: 12.955 GC heap before
{Heap before GC invocations=44 (full 0):
 garbage-first heap   total 211968K, used 185227K [0x0000000080000000, 0x0000000100000000)
  region size 1024K, 67 young (68608K), 9 survivors (9216K)
 Metaspace       used 118967K, committed 121216K, reserved 1179648K
  class space    used 15887K, committed 17024K, reserved 1048576K
}
Event: 12.959 GC heap after
{Heap after GC invocations=45 (full 0):
 garbage-first heap   total 211968K, used 128818K [0x0000000080000000, 0x0000000100000000)
  region size 1024K, 5 young (5120K), 5 survivors (5120K)
 Metaspace       used 118967K, committed 121216K, reserved 1179648K
  class space    used 15887K, committed 17024K, reserved 1048576K
}
Event: 13.546 GC heap before
{Heap before GC invocations=45 (full 0):
 garbage-first heap   total 211968K, used 192306K [0x0000000080000000, 0x0000000100000000)
  region size 1024K, 68 young (69632K), 5 survivors (5120K)
 Metaspace       used 119388K, committed 121536K, reserved 1179648K
  class space    used 15925K, committed 17024K, reserved 1048576K
}
Event: 13.550 GC heap after
{Heap after GC invocations=46 (full 0):
 garbage-first heap   total 211968K, used 128921K [0x0000000080000000, 0x0000000100000000)
  region size 1024K, 6 young (6144K), 6 survivors (6144K)
 Metaspace       used 119388K, committed 121536K, reserved 1179648K
  class space    used 15925K, committed 17024K, reserved 1048576K
}
Event: 13.677 GC heap before
{Heap before GC invocations=46 (full 0):
 garbage-first heap   total 211968K, used 192409K [0x0000000080000000, 0x0000000100000000)
  region size 1024K, 69 young (70656K), 6 survivors (6144K)
 Metaspace       used 119656K, committed 121856K, reserved 1179648K
  class space    used 15961K, committed 17088K, reserved 1048576K
}
Event: 13.681 GC heap after
{Heap after GC invocations=47 (full 0):
 garbage-first heap   total 211968K, used 130717K [0x0000000080000000, 0x0000000100000000)
  region size 1024K, 6 young (6144K), 6 survivors (6144K)
 Metaspace       used 119656K, committed 121856K, reserved 1179648K
  class space    used 15961K, committed 17088K, reserved 1048576K
}
Event: 14.078 GC heap before
{Heap before GC invocations=48 (full 0):
 garbage-first heap   total 220160K, used 191133K [0x0000000080000000, 0x0000000100000000)
  region size 1024K, 66 young (67584K), 6 survivors (6144K)
 Metaspace       used 122050K, committed 124288K, reserved 1179648K
  class space    used 16287K, committed 17408K, reserved 1048576K
}
Event: 14.082 GC heap after
{Heap after GC invocations=49 (full 0):
 garbage-first heap   total 220160K, used 138965K [0x0000000080000000, 0x0000000100000000)
  region size 1024K, 9 young (9216K), 9 survivors (9216K)
 Metaspace       used 122050K, committed 124288K, reserved 1179648K
  class space    used 16287K, committed 17408K, reserved 1048576K
}
Event: 14.370 GC heap before
{Heap before GC invocations=49 (full 0):
 garbage-first heap   total 220160K, used 197333K [0x0000000080000000, 0x0000000100000000)
  region size 1024K, 67 young (68608K), 9 survivors (9216K)
 Metaspace       used 124767K, committed 126976K, reserved 1179648K
  class space    used 16684K, committed 17792K, reserved 1048576K
}
Event: 14.379 GC heap after
{Heap after GC invocations=50 (full 0):
 garbage-first heap   total 220160K, used 147794K [0x0000000080000000, 0x0000000100000000)
  region size 1024K, 9 young (9216K), 9 survivors (9216K)
 Metaspace       used 124767K, committed 126976K, reserved 1179648K
  class space    used 16684K, committed 17792K, reserved 1048576K
}
Event: 14.690 GC heap before
{Heap before GC invocations=50 (full 0):
 garbage-first heap   total 220160K, used 197970K [0x0000000080000000, 0x0000000100000000)
  region size 1024K, 58 young (59392K), 9 survivors (9216K)
 Metaspace       used 127385K, committed 129600K, reserved 1179648K
  class space    used 17129K, committed 18240K, reserved 1048576K
}
Event: 15.698 GC heap after
{Heap after GC invocations=51 (full 0):
 garbage-first heap   total 264192K, used 156672K [0x0000000080000000, 0x0000000100000000)
  region size 1024K, 8 young (8192K), 8 survivors (8192K)
 Metaspace       used 127385K, committed 129600K, reserved 1179648K
  class space    used 17129K, committed 18240K, reserved 1048576K
}
Event: 15.711 GC heap before
{Heap before GC invocations=51 (full 0):
 garbage-first heap   total 264192K, used 160768K [0x0000000080000000, 0x0000000100000000)
  region size 1024K, 12 young (12288K), 8 survivors (8192K)
 Metaspace       used 127394K, committed 129600K, reserved 1179648K
  class space    used 17132K, committed 18240K, reserved 1048576K
}
Event: 15.715 GC heap after
{Heap after GC invocations=52 (full 0):
 garbage-first heap   total 264192K, used 158496K [0x0000000080000000, 0x0000000100000000)
  region size 1024K, 2 young (2048K), 2 survivors (2048K)
 Metaspace       used 127394K, committed 129600K, reserved 1179648K
  class space    used 17132K, committed 18240K, reserved 1048576K
}
Event: 15.758 GC heap before
{Heap before GC invocations=52 (full 0):
 garbage-first heap   total 264192K, used 167712K [0x0000000080000000, 0x0000000100000000)
  region size 1024K, 12 young (12288K), 2 survivors (2048K)
 Metaspace       used 127638K, committed 129920K, reserved 1179648K
  class space    used 17147K, committed 18304K, reserved 1048576K
}
Event: 15.761 GC heap after
{Heap after GC invocations=53 (full 0):
 garbage-first heap   total 264192K, used 160367K [0x0000000080000000, 0x0000000100000000)
  region size 1024K, 2 young (2048K), 2 survivors (2048K)
 Metaspace       used 127638K, committed 129920K, reserved 1179648K
  class space    used 17147K, committed 18304K, reserved 1048576K
}
Event: 15.777 GC heap before
{Heap before GC invocations=53 (full 0):
 garbage-first heap   total 264192K, used 170607K [0x0000000080000000, 0x0000000100000000)
  region size 1024K, 12 young (12288K), 2 survivors (2048K)
 Metaspace       used 127710K, committed 129984K, reserved 1179648K
  class space    used 17152K, committed 18304K, reserved 1048576K
}
Event: 15.780 GC heap after
{Heap after GC invocations=54 (full 0):
 garbage-first heap   total 264192K, used 162750K [0x0000000080000000, 0x0000000100000000)
  region size 1024K, 2 young (2048K), 2 survivors (2048K)
 Metaspace       used 127710K, committed 129984K, reserved 1179648K
  class space    used 17152K, committed 18304K, reserved 1048576K
}
Event: 16.805 GC heap before
{Heap before GC invocations=54 (full 0):
 garbage-first heap   total 271360K, used 174014K [0x0000000080000000, 0x0000000100000000)
  region size 1024K, 13 young (13312K), 2 survivors (2048K)
 Metaspace       used 127732K, committed 129984K, reserved 1179648K
  class space    used 17157K, committed 18304K, reserved 1048576K
}

