# JRE version: OpenJDK Runtime Environment (21.0.5) (build 21.0.5+-13047016-b750.29)
# Java VM: OpenJDK 64-Bit Server VM (21.0.5+-13047016-b750.29, mixed mode, tiered, compressed oops, compressed class ptrs, g1 gc, windows-amd64)
GC Precious Log:
 CardTable entry size: 512
 Card Set container configuration: InlinePtr #cards 5 size 8 Array Of Cards #cards 12 size 40 Howl #buckets 4 coarsen threshold 1843 Howl Bitmap #cards 512 size 80 coarsen threshold 460 Card regions per heap region 1 cards per card region 2048
 CPUs: 12 total, 12 available
 Memory: 16085M
 Large Page Support: Disabled
 NUMA Support: Disabled
 Compressed Oops: Enabled (32-bit)
 Heap Region Size: 1M
 Heap Min Capacity: 8M
 Heap Initial Capacity: 252M
 Heap Max Capacity: 2G
 Pre-touch: Disabled
 Parallel Workers: 10
 Concurrent Workers: 3
 Concurrent Refinement Workers: 10
 Periodic GC: Disabled
Heap:
 garbage-first heap   total 317440K, used 213815K [0x0000000080000000, 0x0000000100000000)
  region size 1024K, 26 young (26624K), 13 survivors (13312K)
 Metaspace       used 166935K, committed 168320K, reserved 1245184K
  class space    used 21368K, committed 22080K, reserved 1048576K
GC Heap History (20 events):
Event: 8701.917 GC heap before
{Heap before GC invocations=69 (full 0):
 garbage-first heap   total 296960K, used 295363K [0x0000000080000000, 0x0000000100000000)
  region size 1024K, 102 young (104448K), 12 survivors (12288K)
 Metaspace       used 142414K, committed 147584K, reserved 1179648K
  class space    used 18159K, committed 20032K, reserved 1048576K
}
Event: 8701.930 GC heap after
{Heap after GC invocations=70 (full 0):
 garbage-first heap   total 312320K, used 176125K [0x0000000080000000, 0x0000000100000000)
  region size 1024K, 3 young (3072K), 3 survivors (3072K)
 Metaspace       used 142414K, committed 147584K, reserved 1179648K
  class space    used 18159K, committed 20032K, reserved 1048576K
}
Event: 8705.644 GC heap before
{Heap before GC invocations=70 (full 0):
 garbage-first heap   total 312320K, used 289789K [0x0000000080000000, 0x0000000100000000)
  region size 1024K, 115 young (117760K), 3 survivors (3072K)
 Metaspace       used 143897K, committed 147584K, reserved 1179648K
  class space    used 18324K, committed 20032K, reserved 1048576K
}
Event: 8705.662 GC heap after
{Heap after GC invocations=71 (full 0):
 garbage-first heap   total 312320K, used 162651K [0x0000000080000000, 0x0000000100000000)
  region size 1024K, 8 young (8192K), 8 survivors (8192K)
 Metaspace       used 143897K, committed 147584K, reserved 1179648K
  class space    used 18324K, committed 20032K, reserved 1048576K
}
Event: 8740.753 GC heap before
{Heap before GC invocations=71 (full 0):
 garbage-first heap   total 312320K, used 286555K [0x0000000080000000, 0x0000000100000000)
  region size 1024K, 130 young (133120K), 8 survivors (8192K)
 Metaspace       used 144404K, committed 147648K, reserved 1179648K
  class space    used 18371K, committed 20032K, reserved 1048576K
}
Event: 8740.780 GC heap after
{Heap after GC invocations=72 (full 0):
 garbage-first heap   total 312320K, used 157887K [0x0000000080000000, 0x0000000100000000)
  region size 1024K, 7 young (7168K), 7 survivors (7168K)
 Metaspace       used 144404K, committed 147648K, reserved 1179648K
  class space    used 18371K, committed 20032K, reserved 1048576K
}
Event: 8745.712 GC heap before
{Heap before GC invocations=72 (full 0):
 garbage-first heap   total 312320K, used 286911K [0x0000000080000000, 0x0000000100000000)
  region size 1024K, 134 young (137216K), 7 survivors (7168K)
 Metaspace       used 144991K, committed 148032K, reserved 1179648K
  class space    used 18398K, committed 20096K, reserved 1048576K
}
Event: 8745.731 GC heap after
{Heap after GC invocations=73 (full 0):
 garbage-first heap   total 312320K, used 169576K [0x0000000080000000, 0x0000000100000000)
  region size 1024K, 17 young (17408K), 17 survivors (17408K)
 Metaspace       used 144991K, committed 148032K, reserved 1179648K
  class space    used 18398K, committed 20096K, reserved 1048576K
}
Event: 8763.874 GC heap before
{Heap before GC invocations=74 (full 0):
 garbage-first heap   total 312320K, used 271976K [0x0000000080000000, 0x0000000100000000)
  region size 1024K, 123 young (125952K), 17 survivors (17408K)
 Metaspace       used 145093K, committed 148032K, reserved 1179648K
  class space    used 18399K, committed 20096K, reserved 1048576K
}
Event: 8763.891 GC heap after
{Heap after GC invocations=75 (full 0):
 garbage-first heap   total 312320K, used 167494K [0x0000000080000000, 0x0000000100000000)
  region size 1024K, 4 young (4096K), 4 survivors (4096K)
 Metaspace       used 145093K, committed 148032K, reserved 1179648K
  class space    used 18399K, committed 20096K, reserved 1048576K
}
Event: 8766.248 GC heap before
{Heap before GC invocations=75 (full 0):
 garbage-first heap   total 312320K, used 289350K [0x0000000080000000, 0x0000000100000000)
  region size 1024K, 124 young (126976K), 4 survivors (4096K)
 Metaspace       used 145443K, committed 148096K, reserved 1179648K
  class space    used 18401K, committed 20096K, reserved 1048576K
}
Event: 8766.266 GC heap after
{Heap after GC invocations=76 (full 0):
 garbage-first heap   total 312320K, used 169719K [0x0000000080000000, 0x0000000100000000)
  region size 1024K, 15 young (15360K), 15 survivors (15360K)
 Metaspace       used 145443K, committed 148096K, reserved 1179648K
  class space    used 18401K, committed 20096K, reserved 1048576K
}
Event: 8787.042 GC heap before
{Heap before GC invocations=76 (full 0):
 garbage-first heap   total 312320K, used 279287K [0x0000000080000000, 0x0000000100000000)
  region size 1024K, 123 young (125952K), 15 survivors (15360K)
 Metaspace       used 145723K, committed 148224K, reserved 1179648K
  class space    used 18422K, committed 20096K, reserved 1048576K
}
Event: 8787.058 GC heap after
{Heap after GC invocations=77 (full 0):
 garbage-first heap   total 312320K, used 175839K [0x0000000080000000, 0x0000000100000000)
  region size 1024K, 7 young (7168K), 7 survivors (7168K)
 Metaspace       used 145723K, committed 148224K, reserved 1179648K
  class space    used 18422K, committed 20096K, reserved 1048576K
}
Event: 8790.835 GC heap before
{Heap before GC invocations=78 (full 0):
 garbage-first heap   total 312320K, used 288479K [0x0000000080000000, 0x0000000100000000)
  region size 1024K, 116 young (118784K), 7 survivors (7168K)
 Metaspace       used 154229K, committed 155584K, reserved 1245184K
  class space    used 19558K, committed 20224K, reserved 1048576K
}
Event: 8790.858 GC heap after
{Heap after GC invocations=79 (full 0):
 garbage-first heap   total 314368K, used 193536K [0x0000000080000000, 0x0000000100000000)
  region size 1024K, 15 young (15360K), 15 survivors (15360K)
 Metaspace       used 154229K, committed 155584K, reserved 1245184K
  class space    used 19558K, committed 20224K, reserved 1048576K
}
Event: 8795.432 GC heap before
{Heap before GC invocations=79 (full 0):
 garbage-first heap   total 314368K, used 285696K [0x0000000080000000, 0x0000000100000000)
  region size 1024K, 102 young (104448K), 15 survivors (15360K)
 Metaspace       used 157681K, committed 159104K, reserved 1245184K
  class space    used 19954K, committed 20672K, reserved 1048576K
}
Event: 8795.457 GC heap after
{Heap after GC invocations=80 (full 0):
 garbage-first heap   total 317440K, used 188899K [0x0000000080000000, 0x0000000100000000)
  region size 1024K, 10 young (10240K), 10 survivors (10240K)
 Metaspace       used 157681K, committed 159104K, reserved 1245184K
  class space    used 19954K, committed 20672K, reserved 1048576K
}
Event: 8796.747 GC heap before
{Heap before GC invocations=80 (full 0):
 garbage-first heap   total 317440K, used 284131K [0x0000000080000000, 0x0000000100000000)
  region size 1024K, 104 young (106496K), 10 survivors (10240K)
 Metaspace       used 165239K, committed 166592K, reserved 1245184K
  class space    used 21123K, committed 21824K, reserved 1048576K
}
Event: 8796.768 GC heap after
{Heap after GC invocations=81 (full 0):
 garbage-first heap   total 317440K, used 203575K [0x0000000080000000, 0x0000000100000000)
  region size 1024K, 13 young (13312K), 13 survivors (13312K)
 Metaspace       used 165239K, committed 166592K, reserved 1245184K
  class space    used 21123K, committed 21824K, reserved 1048576K
}

