# JRE version: OpenJDK Runtime Environment Temurin-17.0.10+7 (17.0.10+7) (build 17.0.10+7)
# Java VM: OpenJDK 64-Bit Server VM Temurin-17.0.10+7 (17.0.10+7, mixed mode, sharing, tiered, compressed oops, compressed class ptrs, g1 gc, windows-amd64)
GC Precious Log:
 CPUs: 12 total, 12 available
 Memory: 16085M
 Large Page Support: Disabled
 NUMA Support: Disabled
 Compressed Oops: Enabled (32-bit)
 Heap Region Size: 1M
 Heap Min Capacity: 8M
 Heap Initial Capacity: 252M
 Heap Max Capacity: 2G
 Pre-touch: Disabled
 Parallel Workers: 10
 Concurrent Workers: 3
 Concurrent Refinement Workers: 10
 Periodic GC: Disabled
Heap:
 garbage-first heap   total 331776K, used 281600K [0x0000000080000000, 0x0000000100000000)
  region size 1024K, 27 young (27648K), 6 survivors (6144K)
 Metaspace       used 176020K, committed 177216K, reserved 1245184K
  class space    used 22421K, committed 22976K, reserved 1048576K
GC Heap History (20 events):
Event: 17.222 GC heap before
{Heap before GC invocations=44 (full 0):
 garbage-first heap   total 331776K, used 276663K [0x0000000080000000, 0x0000000100000000)
  region size 1024K, 88 young (90112K), 9 survivors (9216K)
 Metaspace       used 147976K, committed 148928K, reserved 1179648K
  class space    used 18736K, committed 19200K, reserved 1048576K
}
Event: 17.229 GC heap after
{Heap after GC invocations=45 (full 0):
 garbage-first heap   total 331776K, used 202881K [0x0000000080000000, 0x0000000100000000)
  region size 1024K, 8 young (8192K), 8 survivors (8192K)
 Metaspace       used 147976K, committed 148928K, reserved 1179648K
  class space    used 18736K, committed 19200K, reserved 1048576K
}
Event: 17.795 GC heap before
{Heap before GC invocations=45 (full 0):
 garbage-first heap   total 331776K, used 278657K [0x0000000080000000, 0x0000000100000000)
  region size 1024K, 81 young (82944K), 8 survivors (8192K)
 Metaspace       used 153253K, committed 154240K, reserved 1245184K
  class space    used 19630K, committed 20096K, reserved 1048576K
}
Event: 17.799 GC heap after
{Heap after GC invocations=46 (full 0):
 garbage-first heap   total 331776K, used 205819K [0x0000000080000000, 0x0000000100000000)
  region size 1024K, 3 young (3072K), 3 survivors (3072K)
 Metaspace       used 153253K, committed 154240K, reserved 1245184K
  class space    used 19630K, committed 20096K, reserved 1048576K
}
Event: 18.259 GC heap before
{Heap before GC invocations=46 (full 0):
 garbage-first heap   total 331776K, used 279547K [0x0000000080000000, 0x0000000100000000)
  region size 1024K, 76 young (77824K), 3 survivors (3072K)
 Metaspace       used 157605K, committed 158592K, reserved 1245184K
  class space    used 20164K, committed 20608K, reserved 1048576K
}
Event: 18.264 GC heap after
{Heap after GC invocations=47 (full 0):
 garbage-first heap   total 331776K, used 203987K [0x0000000080000000, 0x0000000100000000)
  region size 1024K, 9 young (9216K), 9 survivors (9216K)
 Metaspace       used 157605K, committed 158592K, reserved 1245184K
  class space    used 20164K, committed 20608K, reserved 1048576K
}
Event: 18.914 GC heap before
{Heap before GC invocations=47 (full 0):
 garbage-first heap   total 331776K, used 283859K [0x0000000080000000, 0x0000000100000000)
  region size 1024K, 82 young (83968K), 9 survivors (9216K)
 Metaspace       used 163265K, committed 164224K, reserved 1245184K
  class space    used 20939K, committed 21376K, reserved 1048576K
}
Event: 18.919 GC heap after
{Heap after GC invocations=48 (full 0):
 garbage-first heap   total 331776K, used 208709K [0x0000000080000000, 0x0000000100000000)
  region size 1024K, 4 young (4096K), 4 survivors (4096K)
 Metaspace       used 163265K, committed 164224K, reserved 1245184K
  class space    used 20939K, committed 21376K, reserved 1048576K
}
Event: 19.467 GC heap before
{Heap before GC invocations=48 (full 0):
 garbage-first heap   total 331776K, used 282437K [0x0000000080000000, 0x0000000100000000)
  region size 1024K, 76 young (77824K), 4 survivors (4096K)
 Metaspace       used 167145K, committed 168192K, reserved 1245184K
  class space    used 21489K, committed 22016K, reserved 1048576K
}
Event: 19.471 GC heap after
{Heap after GC invocations=49 (full 0):
 garbage-first heap   total 331776K, used 212345K [0x0000000080000000, 0x0000000100000000)
  region size 1024K, 8 young (8192K), 8 survivors (8192K)
 Metaspace       used 167145K, committed 168192K, reserved 1245184K
  class space    used 21489K, committed 22016K, reserved 1048576K
}
Event: 20.021 GC heap before
{Heap before GC invocations=49 (full 0):
 garbage-first heap   total 331776K, used 281977K [0x0000000080000000, 0x0000000100000000)
  region size 1024K, 77 young (78848K), 8 survivors (8192K)
 Metaspace       used 173767K, committed 174912K, reserved 1245184K
  class space    used 22261K, committed 22784K, reserved 1048576K
}
Event: 20.025 GC heap after
{Heap after GC invocations=50 (full 0):
 garbage-first heap   total 331776K, used 214445K [0x0000000080000000, 0x0000000100000000)
  region size 1024K, 7 young (7168K), 7 survivors (7168K)
 Metaspace       used 173767K, committed 174912K, reserved 1245184K
  class space    used 22261K, committed 22784K, reserved 1048576K
}
Event: 20.596 GC heap before
{Heap before GC invocations=50 (full 0):
 garbage-first heap   total 331776K, used 283053K [0x0000000080000000, 0x0000000100000000)
  region size 1024K, 75 young (76800K), 7 survivors (7168K)
 Metaspace       used 175557K, committed 176704K, reserved 1245184K
  class space    used 22415K, committed 22976K, reserved 1048576K
}
Event: 20.601 GC heap after
{Heap after GC invocations=51 (full 0):
 garbage-first heap   total 331776K, used 217640K [0x0000000080000000, 0x0000000100000000)
  region size 1024K, 6 young (6144K), 6 survivors (6144K)
 Metaspace       used 175557K, committed 176704K, reserved 1245184K
  class space    used 22415K, committed 22976K, reserved 1048576K
}
Event: 20.941 GC heap before
{Heap before GC invocations=51 (full 0):
 garbage-first heap   total 331776K, used 291368K [0x0000000080000000, 0x0000000100000000)
  region size 1024K, 72 young (73728K), 6 survivors (6144K)
 Metaspace       used 176016K, committed 177152K, reserved 1245184K
  class space    used 22426K, committed 22976K, reserved 1048576K
}
Event: 20.946 GC heap after
{Heap after GC invocations=52 (full 0):
 garbage-first heap   total 331776K, used 223773K [0x0000000080000000, 0x0000000100000000)
  region size 1024K, 9 young (9216K), 9 survivors (9216K)
 Metaspace       used 176016K, committed 177152K, reserved 1245184K
  class space    used 22426K, committed 22976K, reserved 1048576K
}
Event: 21.035 GC heap before
{Heap before GC invocations=52 (full 0):
 garbage-first heap   total 331776K, used 294429K [0x0000000080000000, 0x0000000100000000)
  region size 1024K, 69 young (70656K), 9 survivors (9216K)
 Metaspace       used 176034K, committed 177152K, reserved 1245184K
  class space    used 22426K, committed 22976K, reserved 1048576K
}
Event: 21.047 GC heap after
{Heap after GC invocations=53 (full 0):
 garbage-first heap   total 331776K, used 242461K [0x0000000080000000, 0x0000000100000000)
  region size 1024K, 9 young (9216K), 9 survivors (9216K)
 Metaspace       used 176034K, committed 177152K, reserved 1245184K
  class space    used 22426K, committed 22976K, reserved 1048576K
}
Event: 21.095 GC heap before
{Heap before GC invocations=53 (full 0):
 garbage-first heap   total 331776K, used 279325K [0x0000000080000000, 0x0000000100000000)
  region size 1024K, 45 young (46080K), 9 survivors (9216K)
 Metaspace       used 176039K, committed 177216K, reserved 1245184K
  class space    used 22426K, committed 22976K, reserved 1048576K
}
Event: 21.104 GC heap after
{Heap after GC invocations=54 (full 0):
 garbage-first heap   total 331776K, used 254976K [0x0000000080000000, 0x0000000100000000)
  region size 1024K, 6 young (6144K), 6 survivors (6144K)
 Metaspace       used 176039K, committed 177216K, reserved 1245184K
  class space    used 22426K, committed 22976K, reserved 1048576K
}

