# JRE version: OpenJDK Runtime Environment (21.0.5) (build 21.0.5+-12932927-b750.29)
# Java VM: OpenJDK 64-Bit Server VM (21.0.5+-12932927-b750.29, mixed mode, tiered, compressed oops, compressed class ptrs, g1 gc, windows-amd64)
GC Precious Log:
 CardTable entry size: 512
 Card Set container configuration: InlinePtr #cards 5 size 8 Array Of Cards #cards 12 size 40 Howl #buckets 4 coarsen threshold 1843 Howl Bitmap #cards 512 size 80 coarsen threshold 460 Card regions per heap region 1 cards per card region 2048
 CPUs: 12 total, 12 available
 Memory: 16085M
 Large Page Support: Disabled
 NUMA Support: Disabled
 Compressed Oops: Enabled (32-bit)
 Heap Region Size: 1M
 Heap Min Capacity: 8M
 Heap Initial Capacity: 252M
 Heap Max Capacity: 2G
 Pre-touch: Disabled
 Parallel Workers: 10
 Concurrent Workers: 3
 Concurrent Refinement Workers: 10
 Periodic GC: Disabled
Heap:
 garbage-first heap   total 109568K, used 48232K [0x0000000080000000, 0x0000000100000000)
  region size 1024K, 18 young (18432K), 6 survivors (6144K)
 Metaspace       used 53326K, committed 54848K, reserved 1114112K
  class space    used 7174K, committed 7936K, reserved 1048576K
GC Heap History (20 events):
Event: 0.446 GC heap before
{Heap before GC invocations=0 (full 0):
 garbage-first heap   total 258048K, used 22528K [0x0000000080000000, 0x0000000100000000)
  region size 1024K, 23 young (23552K), 0 survivors (0K)
 Metaspace       used 8012K, committed 8128K, reserved 1114112K
  class space    used 712K, committed 768K, reserved 1048576K
}
Event: 0.448 GC heap after
{Heap after GC invocations=1 (full 0):
 garbage-first heap   total 258048K, used 4641K [0x0000000080000000, 0x0000000100000000)
  region size 1024K, 3 young (3072K), 3 survivors (3072K)
 Metaspace       used 8012K, committed 8128K, reserved 1114112K
  class space    used 712K, committed 768K, reserved 1048576K
}
Event: 0.864 GC heap before
{Heap before GC invocations=1 (full 0):
 garbage-first heap   total 258048K, used 41505K [0x0000000080000000, 0x0000000100000000)
  region size 1024K, 35 young (35840K), 3 survivors (3072K)
 Metaspace       used 12141K, committed 12352K, reserved 1114112K
  class space    used 1279K, committed 1408K, reserved 1048576K
}
Event: 0.867 GC heap after
{Heap after GC invocations=2 (full 0):
 garbage-first heap   total 258048K, used 12314K [0x0000000080000000, 0x0000000100000000)
  region size 1024K, 4 young (4096K), 4 survivors (4096K)
 Metaspace       used 12141K, committed 12352K, reserved 1114112K
  class space    used 1279K, committed 1408K, reserved 1048576K
}
Event: 1.358 GC heap before
{Heap before GC invocations=2 (full 0):
 garbage-first heap   total 258048K, used 61466K [0x0000000080000000, 0x0000000100000000)
  region size 1024K, 50 young (51200K), 4 survivors (4096K)
 Metaspace       used 14961K, committed 15168K, reserved 1114112K
  class space    used 1631K, committed 1728K, reserved 1048576K
}
Event: 1.362 GC heap after
{Heap after GC invocations=3 (full 0):
 garbage-first heap   total 258048K, used 19044K [0x0000000080000000, 0x0000000100000000)
  region size 1024K, 7 young (7168K), 7 survivors (7168K)
 Metaspace       used 14961K, committed 15168K, reserved 1114112K
  class space    used 1631K, committed 1728K, reserved 1048576K
}
Event: 1.704 GC heap before
{Heap before GC invocations=3 (full 0):
 garbage-first heap   total 258048K, used 41572K [0x0000000080000000, 0x0000000100000000)
  region size 1024K, 30 young (30720K), 7 survivors (7168K)
 Metaspace       used 21173K, committed 21504K, reserved 1114112K
  class space    used 2441K, committed 2624K, reserved 1048576K
}
Event: 1.707 GC heap after
{Heap after GC invocations=4 (full 0):
 garbage-first heap   total 258048K, used 21621K [0x0000000080000000, 0x0000000100000000)
  region size 1024K, 10 young (10240K), 10 survivors (10240K)
 Metaspace       used 21173K, committed 21504K, reserved 1114112K
  class space    used 2441K, committed 2624K, reserved 1048576K
}
Event: 2.427 GC heap before
{Heap before GC invocations=5 (full 0):
 garbage-first heap   total 75776K, used 73845K [0x0000000080000000, 0x0000000100000000)
  region size 1024K, 62 young (63488K), 10 survivors (10240K)
 Metaspace       used 29493K, committed 30144K, reserved 1114112K
  class space    used 3768K, committed 4096K, reserved 1048576K
}
Event: 2.432 GC heap after
{Heap after GC invocations=6 (full 0):
 garbage-first heap   total 89088K, used 24899K [0x0000000080000000, 0x0000000100000000)
  region size 1024K, 13 young (13312K), 13 survivors (13312K)
 Metaspace       used 29493K, committed 30144K, reserved 1114112K
  class space    used 3768K, committed 4096K, reserved 1048576K
}
Event: 2.866 GC heap before
{Heap before GC invocations=6 (full 0):
 garbage-first heap   total 89088K, used 63811K [0x0000000080000000, 0x0000000100000000)
  region size 1024K, 52 young (53248K), 13 survivors (13312K)
 Metaspace       used 34901K, committed 35776K, reserved 1114112K
  class space    used 4669K, committed 5120K, reserved 1048576K
}
Event: 2.871 GC heap after
{Heap after GC invocations=7 (full 0):
 garbage-first heap   total 89088K, used 27322K [0x0000000080000000, 0x0000000100000000)
  region size 1024K, 6 young (6144K), 6 survivors (6144K)
 Metaspace       used 34901K, committed 35776K, reserved 1114112K
  class space    used 4669K, committed 5120K, reserved 1048576K
}
Event: 2.892 GC heap before
{Heap before GC invocations=7 (full 0):
 garbage-first heap   total 89088K, used 29370K [0x0000000080000000, 0x0000000100000000)
  region size 1024K, 9 young (9216K), 6 survivors (6144K)
 Metaspace       used 35178K, committed 36096K, reserved 1114112K
  class space    used 4718K, committed 5184K, reserved 1048576K
}
Event: 2.895 GC heap after
{Heap after GC invocations=8 (full 0):
 garbage-first heap   total 89088K, used 27412K [0x0000000080000000, 0x0000000100000000)
  region size 1024K, 3 young (3072K), 3 survivors (3072K)
 Metaspace       used 35178K, committed 36096K, reserved 1114112K
  class space    used 4718K, committed 5184K, reserved 1048576K
}
Event: 3.375 GC heap before
{Heap before GC invocations=9 (full 0):
 garbage-first heap   total 89088K, used 77588K [0x0000000080000000, 0x0000000100000000)
  region size 1024K, 52 young (53248K), 3 survivors (3072K)
 Metaspace       used 43984K, committed 45248K, reserved 1114112K
  class space    used 5899K, committed 6528K, reserved 1048576K
}
Event: 3.379 GC heap after
{Heap after GC invocations=10 (full 0):
 garbage-first heap   total 89088K, used 31359K [0x0000000080000000, 0x0000000100000000)
  region size 1024K, 7 young (7168K), 7 survivors (7168K)
 Metaspace       used 43984K, committed 45248K, reserved 1114112K
  class space    used 5899K, committed 6528K, reserved 1048576K
}
Event: 3.596 GC heap before
{Heap before GC invocations=10 (full 0):
 garbage-first heap   total 89088K, used 75391K [0x0000000080000000, 0x0000000100000000)
  region size 1024K, 51 young (52224K), 7 survivors (7168K)
 Metaspace       used 46558K, committed 47936K, reserved 1114112K
  class space    used 6222K, committed 6912K, reserved 1048576K
}
Event: 3.601 GC heap after
{Heap after GC invocations=11 (full 0):
 garbage-first heap   total 89088K, used 33548K [0x0000000080000000, 0x0000000100000000)
  region size 1024K, 3 young (3072K), 3 survivors (3072K)
 Metaspace       used 46558K, committed 47936K, reserved 1114112K
  class space    used 6222K, committed 6912K, reserved 1048576K
}
Event: 3.963 GC heap before
{Heap before GC invocations=11 (full 0):
 garbage-first heap   total 89088K, used 78604K [0x0000000080000000, 0x0000000100000000)
  region size 1024K, 47 young (48128K), 3 survivors (3072K)
 Metaspace       used 51042K, committed 52480K, reserved 1114112K
  class space    used 6957K, committed 7680K, reserved 1048576K
}
Event: 3.966 GC heap after
{Heap after GC invocations=12 (full 0):
 garbage-first heap   total 109568K, used 35944K [0x0000000080000000, 0x0000000100000000)
  region size 1024K, 6 young (6144K), 6 survivors (6144K)
 Metaspace       used 51042K, committed 52480K, reserved 1114112K
  class space    used 6957K, committed 7680K, reserved 1048576K
}

