# JRE version: OpenJDK Runtime Environment (21.0.5) (build 21.0.5+-13047016-b750.29)
# Java VM: OpenJDK 64-Bit Server VM (21.0.5+-13047016-b750.29, mixed mode, tiered, compressed oops, compressed class ptrs, g1 gc, windows-amd64)
GC Precious Log:
 CardTable entry size: 512
 Card Set container configuration: InlinePtr #cards 5 size 8 Array Of Cards #cards 12 size 40 Howl #buckets 4 coarsen threshold 1843 Howl Bitmap #cards 512 size 80 coarsen threshold 460 Card regions per heap region 1 cards per card region 2048
 CPUs: 12 total, 12 available
 Memory: 16085M
 Large Page Support: Disabled
 NUMA Support: Disabled
 Compressed Oops: Enabled (32-bit)
 Heap Region Size: 1M
 Heap Min Capacity: 8M
 Heap Initial Capacity: 252M
 Heap Max Capacity: 2G
 Pre-touch: Disabled
 Parallel Workers: 10
 Concurrent Workers: 3
 Concurrent Refinement Workers: 10
 Periodic GC: Disabled
Heap:
 garbage-first heap   total 174080K, used 114361K [0x0000000080000000, 0x0000000100000000)
  region size 1024K, 5 young (5120K), 5 survivors (5120K)
 Metaspace       used 115995K, committed 118144K, reserved 1179648K
  class space    used 15689K, committed 16768K, reserved 1048576K
GC Heap History (20 events):
Event: 6.832 GC heap after
{Heap after GC invocations=24 (full 0):
 garbage-first heap   total 162816K, used 80019K [0x0000000080000000, 0x0000000100000000)
  region size 1024K, 7 young (7168K), 7 survivors (7168K)
 Metaspace       used 80513K, committed 82432K, reserved 1179648K
  class space    used 10761K, committed 11712K, reserved 1048576K
}
Event: 7.377 GC heap before
{Heap before GC invocations=24 (full 0):
 garbage-first heap   total 162816K, used 145555K [0x0000000080000000, 0x0000000100000000)
  region size 1024K, 71 young (72704K), 7 survivors (7168K)
 Metaspace       used 86742K, committed 88640K, reserved 1179648K
  class space    used 11571K, committed 12480K, reserved 1048576K
}
Event: 7.382 GC heap after
{Heap after GC invocations=25 (full 0):
 garbage-first heap   total 162816K, used 82915K [0x0000000080000000, 0x0000000100000000)
  region size 1024K, 4 young (4096K), 4 survivors (4096K)
 Metaspace       used 86742K, committed 88640K, reserved 1179648K
  class space    used 11571K, committed 12480K, reserved 1048576K
}
Event: 7.681 GC heap before
{Heap before GC invocations=25 (full 0):
 garbage-first heap   total 162816K, used 118755K [0x0000000080000000, 0x0000000100000000)
  region size 1024K, 40 young (40960K), 4 survivors (4096K)
 Metaspace       used 89588K, committed 91456K, reserved 1179648K
  class space    used 11941K, committed 12864K, reserved 1048576K
}
Event: 7.684 GC heap after
{Heap after GC invocations=26 (full 0):
 garbage-first heap   total 162816K, used 84103K [0x0000000080000000, 0x0000000100000000)
  region size 1024K, 5 young (5120K), 5 survivors (5120K)
 Metaspace       used 89588K, committed 91456K, reserved 1179648K
  class space    used 11941K, committed 12864K, reserved 1048576K
}
Event: 8.094 GC heap before
{Heap before GC invocations=27 (full 0):
 garbage-first heap   total 162816K, used 150663K [0x0000000080000000, 0x0000000100000000)
  region size 1024K, 67 young (68608K), 5 survivors (5120K)
 Metaspace       used 91893K, committed 93824K, reserved 1179648K
  class space    used 12273K, committed 13184K, reserved 1048576K
}
Event: 8.098 GC heap after
{Heap after GC invocations=28 (full 0):
 garbage-first heap   total 162816K, used 92121K [0x0000000080000000, 0x0000000100000000)
  region size 1024K, 9 young (9216K), 9 survivors (9216K)
 Metaspace       used 91893K, committed 93824K, reserved 1179648K
  class space    used 12273K, committed 13184K, reserved 1048576K
}
Event: 8.484 GC heap before
{Heap before GC invocations=28 (full 0):
 garbage-first heap   total 162816K, used 144345K [0x0000000080000000, 0x0000000100000000)
  region size 1024K, 60 young (61440K), 9 survivors (9216K)
 Metaspace       used 95929K, committed 97920K, reserved 1179648K
  class space    used 12862K, committed 13888K, reserved 1048576K
}
Event: 8.489 GC heap after
{Heap after GC invocations=29 (full 0):
 garbage-first heap   total 162816K, used 94133K [0x0000000080000000, 0x0000000100000000)
  region size 1024K, 3 young (3072K), 3 survivors (3072K)
 Metaspace       used 95929K, committed 97920K, reserved 1179648K
  class space    used 12862K, committed 13888K, reserved 1048576K
}
Event: 8.937 GC heap before
{Heap before GC invocations=29 (full 0):
 garbage-first heap   total 162816K, used 149429K [0x0000000080000000, 0x0000000100000000)
  region size 1024K, 57 young (58368K), 3 survivors (3072K)
 Metaspace       used 100381K, committed 102400K, reserved 1179648K
  class space    used 13617K, committed 14656K, reserved 1048576K
}
Event: 8.941 GC heap after
{Heap after GC invocations=30 (full 0):
 garbage-first heap   total 162816K, used 95614K [0x0000000080000000, 0x0000000100000000)
  region size 1024K, 4 young (4096K), 4 survivors (4096K)
 Metaspace       used 100381K, committed 102400K, reserved 1179648K
  class space    used 13617K, committed 14656K, reserved 1048576K
}
Event: 9.423 GC heap before
{Heap before GC invocations=31 (full 0):
 garbage-first heap   total 162816K, used 148862K [0x0000000080000000, 0x0000000100000000)
  region size 1024K, 56 young (57344K), 4 survivors (4096K)
 Metaspace       used 104108K, committed 106304K, reserved 1179648K
  class space    used 14187K, committed 15296K, reserved 1048576K
}
Event: 9.427 GC heap after
{Heap after GC invocations=32 (full 0):
 garbage-first heap   total 162816K, used 98491K [0x0000000080000000, 0x0000000100000000)
  region size 1024K, 5 young (5120K), 5 survivors (5120K)
 Metaspace       used 104108K, committed 106304K, reserved 1179648K
  class space    used 14187K, committed 15296K, reserved 1048576K
}
Event: 9.786 GC heap before
{Heap before GC invocations=32 (full 0):
 garbage-first heap   total 162816K, used 147643K [0x0000000080000000, 0x0000000100000000)
  region size 1024K, 53 young (54272K), 5 survivors (5120K)
 Metaspace       used 108891K, committed 111040K, reserved 1179648K
  class space    used 14845K, committed 15936K, reserved 1048576K
}
Event: 9.791 GC heap after
{Heap after GC invocations=33 (full 0):
 garbage-first heap   total 162816K, used 99678K [0x0000000080000000, 0x0000000100000000)
  region size 1024K, 6 young (6144K), 6 survivors (6144K)
 Metaspace       used 108891K, committed 111040K, reserved 1179648K
  class space    used 14845K, committed 15936K, reserved 1048576K
}
Event: 10.108 GC heap before
{Heap before GC invocations=33 (full 0):
 garbage-first heap   total 162816K, used 145758K [0x0000000080000000, 0x0000000100000000)
  region size 1024K, 52 young (53248K), 6 survivors (6144K)
 Metaspace       used 111575K, committed 113728K, reserved 1179648K
  class space    used 15181K, committed 16256K, reserved 1048576K
}
Event: 10.112 GC heap after
{Heap after GC invocations=34 (full 0):
 garbage-first heap   total 162816K, used 103602K [0x0000000080000000, 0x0000000100000000)
  region size 1024K, 7 young (7168K), 7 survivors (7168K)
 Metaspace       used 111575K, committed 113728K, reserved 1179648K
  class space    used 15181K, committed 16256K, reserved 1048576K
}
Event: 10.566 GC heap before
{Heap before GC invocations=35 (full 0):
 garbage-first heap   total 174080K, used 149682K [0x0000000080000000, 0x0000000100000000)
  region size 1024K, 48 young (49152K), 7 survivors (7168K)
 Metaspace       used 115501K, committed 117696K, reserved 1179648K
  class space    used 15594K, committed 16704K, reserved 1048576K
}
Event: 10.571 GC heap after
{Heap after GC invocations=36 (full 0):
 garbage-first heap   total 174080K, used 109721K [0x0000000080000000, 0x0000000100000000)
  region size 1024K, 6 young (6144K), 6 survivors (6144K)
 Metaspace       used 115501K, committed 117696K, reserved 1179648K
  class space    used 15594K, committed 16704K, reserved 1048576K
}
Event: 10.694 GC heap before
{Heap before GC invocations=36 (full 0):
 garbage-first heap   total 174080K, used 157849K [0x0000000080000000, 0x0000000100000000)
  region size 1024K, 53 young (54272K), 6 survivors (6144K)
 Metaspace       used 115995K, committed 118144K, reserved 1179648K
  class space    used 15689K, committed 16768K, reserved 1048576K
}

